pdt: ----------------------------------
pdt: Mon Jun 13 13:01:13 CEST 2016
pdt: ----------------------------------
pdt: set debug output to LOGFILE
pdt: ----------------------------------
pdt: Mon Jun 13 13:01:13 CEST 2016
pdt: ----------------------------------
pdt: set debug output to LOGFILE
pdt: WARNING - 13/06 13:01:57 - Framework stop: wrapping an exception
pdt: WARNING - 13/06 13:01:57 - Framework stop: pdt: The following Exception was caught:
org.eclipse.core.runtime.CoreException: Plug-in "org.cs3.jtransformer" was unable to instantiate class "org.cs3.jtransformer.hook.JTransformerRegistryHook".
	at org.eclipse.core.internal.registry.osgi.RegistryStrategyOSGI.throwException(RegistryStrategyOSGI.java:194)
	at org.eclipse.core.internal.registry.osgi.RegistryStrategyOSGI.createExecutableExtension(RegistryStrategyOSGI.java:188)
	at org.eclipse.core.internal.registry.ExtensionRegistry.createExecutableExtension(ExtensionRegistry.java:905)
	at org.eclipse.core.internal.registry.ConfigurationElement.createExecutableExtension(ConfigurationElement.java:243)
	at org.eclipse.core.internal.registry.ConfigurationElementHandle.createExecutableExtension(ConfigurationElementHandle.java:55)
	at org.cs3.pdt.connector.PDTConnectorPlugin.registerStaticHooks(PDTConnectorPlugin.java:529)
	at org.cs3.pdt.connector.PDTConnectorPlugin.initRegistry(PDTConnectorPlugin.java:484)
	at org.cs3.pdt.connector.PDTConnectorPlugin.getPrologProcessRegistry(PDTConnectorPlugin.java:476)
	at org.cs3.pdt.connector.PDTConnectorPlugin.stop(PDTConnectorPlugin.java:226)
	at org.eclipse.osgi.internal.framework.BundleContextImpl$4.run(BundleContextImpl.java:827)
	at org.eclipse.osgi.internal.framework.BundleContextImpl$4.run(BundleContextImpl.java:1)
	at java.security.AccessController.doPrivileged(Native Method)
	at org.eclipse.osgi.internal.framework.BundleContextImpl.stop(BundleContextImpl.java:820)
	at org.eclipse.osgi.internal.framework.EquinoxBundle.stopWorker0(EquinoxBundle.java:955)
	at org.eclipse.osgi.internal.framework.EquinoxBundle$EquinoxModule.stopWorker(EquinoxBundle.java:323)
	at org.eclipse.osgi.container.Module.doStop(Module.java:626)
	at org.eclipse.osgi.container.Module.stop(Module.java:488)
	at org.eclipse.osgi.container.ModuleContainer$ContainerStartLevel.decStartLevel(ModuleContainer.java:1623)
	at org.eclipse.osgi.container.ModuleContainer$ContainerStartLevel.doContainerStartLevel(ModuleContainer.java:1542)
	at org.eclipse.osgi.container.SystemModule.stopWorker(SystemModule.java:248)
	at org.eclipse.osgi.internal.framework.EquinoxBundle$SystemBundle$EquinoxSystemModule.stopWorker(EquinoxBundle.java:144)
	at org.eclipse.osgi.container.Module.doStop(Module.java:626)
	at org.eclipse.osgi.container.Module.stop(Module.java:488)
	at org.eclipse.osgi.container.SystemModule.stop(SystemModule.java:186)
	at org.eclipse.osgi.internal.framework.EquinoxBundle$SystemBundle$EquinoxSystemModule$1.run(EquinoxBundle.java:159)
	at java.lang.Thread.run(Unknown Source)
Caused by: java.lang.ExceptionInInitializerError
	at sun.reflect.NativeConstructorAccessorImpl.newInstance0(Native Method)
	at sun.reflect.NativeConstructorAccessorImpl.newInstance(Unknown Source)
	at sun.reflect.DelegatingConstructorAccessorImpl.newInstance(Unknown Source)
	at java.lang.reflect.Constructor.newInstance(Unknown Source)
	at java.lang.Class.newInstance(Unknown Source)
	at org.eclipse.core.internal.registry.osgi.RegistryStrategyOSGI.createExecutableExtension(RegistryStrategyOSGI.java:184)
	... 24 more
Caused by: java.lang.NullPointerException
	at org.cs3.jtransformer.error.JTLogMan.<init>(JTLogMan.java:123)
	at org.cs3.jtransformer.error.JTLogMan.getInstance(JTLogMan.java:114)
	at org.cs3.jtransformer.hook.JTransformerRegistryHook.<clinit>(JTransformerRegistryHook.java:19)
	... 30 more
